AlarmCheck -> PowerWifi
AlarmCheck -> Sleep
Complete -> RadioDisconnect
Failure -> PowerUp
LinkMargin -> MqttShadow
MeasureRequest -> MeasureResult
MeasureResult -> AlarmCheck
MeasureSetup -> MeasureRequest
MqttConnect -> MqttInfoStatus
MqttConnect -> MqttPublish
MqttInfoStatus -> MqttTopic
MqttPublish -> LinkMargin
MqttShadow -> Complete
MqttThing -> MqttTopic
MqttThing -> NetworkGetTime
MqttTopic -> MqttConnect
NetworkGetMacAddr -> Complete
NetworkGetTime -> NetworkGetMacAddr
PowerUp -> Recover
PowerWifi -> WaitWifiJoin
PowerWifi -> WiFiVersion
RadioDisconnect -> ShutdownWifi
Recover -> Sleep
SelfTest -> Sleep
ShutdownWifi -> Sleep
Sleep -> MeasureSetup
Sleep -> PowerWifi
Sleep -> SelfTest
WaitWifiJoin -> MqttThing
WiFiVersion -> WaitWifiJoin
